<?xml version="1.0" encoding="UTF-8"?>
<!-- Generated by org.testng.reporters.JUnitXMLReporter -->
<testsuite hostname="DESKTOP-D0846S4" ignored="0" name="Surefire test" tests="6" failures="0" timestamp="22 Oct 2024 04:23:16 GMT" time="34.813" errors="0">
  <testcase name="submitOrder" time="3.244" classname="rahulshettyacademy.tests.SubmitOrderTest"/>
  <testcase name="submitOrder" time="3.208" classname="rahulshettyacademy.tests.SubmitOrderTest"/>
  <testcase name="runScenario" time="6.333" classname="io.cucumber.testng.AbstractTestNGCucumberTests"/>
  <testcase name="loginErrorValidation" time="1.073" classname="rahulshettyacademy.tests.ErrorValidationsTest"/>
  <testcase name="productErrorValidation" time="2.287" classname="rahulshettyacademy.tests.ErrorValidationsTest"/>
  <testcase name="OrderHistoryTest" time="0.886" classname="rahulshettyacademy.tests.SubmitOrderTest"/>
</testsuite> <!-- Surefire test -->
